2025-08-15 17:55:44,182 - INFO - Start polling
2025-08-15 17:55:44,321 - INFO - Run polling for bot @awhfqwuihBot id=8091639515 - 'test bot'
2025-08-15 17:56:03,850 - ERROR - Error in /start command handler for user 1050315821: type object 'Form' has no attribute 'waiting_for_type'
2025-08-15 17:56:03,972 - INFO - Update id=242038800 is handled. Duration 717 ms by bot id=8091639515
2025-08-15 17:56:10,749 - INFO - Update id=242038801 is handled. Duration 130 ms by bot id=8091639515
2025-08-15 17:56:14,019 - INFO - Update id=242038802 is handled. Duration 128 ms by bot id=8091639515
2025-08-15 17:56:18,183 - INFO - Update id=242038803 is handled. Duration 202 ms by bot id=8091639515
2025-08-15 17:56:22,378 - INFO - Update id=242038804 is handled. Duration 208 ms by bot id=8091639515
2025-08-15 17:56:28,938 - INFO - Update id=242038805 is handled. Duration 208 ms by bot id=8091639515
2025-08-15 17:56:32,929 - INFO - Пользователю 1050315821 показана ссылка на политику персональных данных перед соглашением
2025-08-15 17:56:32,929 - INFO - Update id=242038806 is handled. Duration 293 ms by bot id=8091639515
2025-08-15 17:56:44,289 - INFO - Пользователь 1050315821 ответил 'согласен' на соглашение о политике использования персональных данных
2025-08-15 17:56:44,505 - INFO - Update id=242038807 is handled. Duration 217 ms by bot id=8091639515
2025-08-15 18:05:48,669 - INFO - Polling stopped
2025-08-15 18:05:48,709 - ERROR - Failed to fetch updates - TelegramNetworkError: HTTP Client says - ServerDisconnectedError: Server disconnected
2025-08-15 18:05:48,711 - WARNING - Sleep for 1.000000 seconds and try again... (tryings = 0, bot id = 8091639515)
2025-08-15 18:05:48,973 - INFO - Polling stopped for bot @awhfqwuihBot id=8091639515 - 'test bot'
2025-08-15 18:05:54,836 - INFO - Start polling
2025-08-15 18:05:54,954 - INFO - Run polling for bot @awhfqwuihBot id=8091639515 - 'test bot'
2025-08-15 18:05:58,416 - ERROR - Ошибка в обработчике команд /start для пользователя 1050315821: type object 'Form' has no attribute 'waiting_for_type'
2025-08-15 18:05:58,558 - INFO - Update id=242038808 is handled. Duration 840 ms by bot id=8091639515
2025-08-15 18:06:26,166 - INFO - Polling stopped
2025-08-15 18:06:26,168 - ERROR - Failed to fetch updates - TelegramNetworkError: HTTP Client says - ServerDisconnectedError: Server disconnected
2025-08-15 18:06:26,170 - WARNING - Sleep for 1.000000 seconds and try again... (tryings = 0, bot id = 8091639515)
2025-08-15 18:06:26,423 - INFO - Polling stopped for bot @awhfqwuihBot id=8091639515 - 'test bot'
2025-08-15 18:06:30,697 - INFO - Start polling
2025-08-15 18:06:30,783 - INFO - Run polling for bot @awhfqwuihBot id=8091639515 - 'test bot'
2025-08-15 18:06:32,880 - ERROR - Ошибка в обработчике команд /start для пользователя 1050315821: type object 'Form' has no attribute 'waiting_for_type'
2025-08-15 18:06:32,881 - INFO - Update id=242038809 is handled. Duration 534 ms by bot id=8091639515
2025-08-15 18:06:50,327 - INFO - Polling stopped
2025-08-15 18:06:50,329 - ERROR - Failed to fetch updates - TelegramNetworkError: HTTP Client says - ServerDisconnectedError: Server disconnected
2025-08-15 18:06:50,329 - WARNING - Sleep for 1.000000 seconds and try again... (tryings = 0, bot id = 8091639515)
2025-08-15 18:06:50,586 - INFO - Polling stopped for bot @awhfqwuihBot id=8091639515 - 'test bot'
2025-08-15 18:06:54,639 - INFO - Start polling
2025-08-15 18:06:54,738 - INFO - Run polling for bot @awhfqwuihBot id=8091639515 - 'test bot'
2025-08-15 18:07:00,561 - ERROR - Ошибка в обработчике команд /start для пользователя 1050315821: type object 'Form' has no attribute 'waiting_for_type'
2025-08-15 18:07:00,562 - INFO - Update id=242038810 is handled. Duration 177 ms by bot id=8091639515
2025-08-15 18:07:02,932 - INFO - Update id=242038811 is handled. Duration 121 ms by bot id=8091639515
2025-08-15 18:07:05,231 - INFO - Update id=242038812 is handled. Duration 226 ms by bot id=8091639515
2025-08-15 18:07:09,384 - INFO - Update id=242038813 is handled. Duration 208 ms by bot id=8091639515
2025-08-15 18:07:13,190 - INFO - Update id=242038814 is handled. Duration 65 ms by bot id=8091639515
2025-08-15 18:07:19,709 - INFO - Update id=242038815 is handled. Duration 77 ms by bot id=8091639515
2025-08-15 18:07:27,617 - INFO - Update id=242038816 is handled. Duration 313 ms by bot id=8091639515
2025-08-15 18:07:32,129 - INFO - Пользователю 1050315821 показана ссылка на политику персональных данных перед соглашением
2025-08-15 18:07:32,129 - INFO - Update id=242038817 is handled. Duration 305 ms by bot id=8091639515
2025-08-15 18:07:38,464 - INFO - Пользователь 1050315821 ответил 'согласен' на соглашение о политике использования персональных данных
2025-08-15 18:07:38,771 - INFO - Update id=242038818 is handled. Duration 307 ms by bot id=8091639515
2025-08-15 18:08:02,750 - INFO - Polling stopped
2025-08-15 18:08:02,753 - ERROR - Failed to fetch updates - TelegramNetworkError: HTTP Client says - ServerDisconnectedError: Server disconnected
2025-08-15 18:08:02,753 - WARNING - Sleep for 1.000000 seconds and try again... (tryings = 0, bot id = 8091639515)
2025-08-15 18:08:03,018 - INFO - Polling stopped for bot @awhfqwuihBot id=8091639515 - 'test bot'
2025-08-18 11:47:38,369 - INFO - Start polling
2025-08-18 11:47:38,652 - INFO - Run polling for bot @awhfqwuihBot id=8091639515 - 'test bot'
2025-08-18 11:52:20,404 - ERROR - Ошибка в обработчике команд /start для пользователя 896220662: type object 'Form' has no attribute 'waiting_for_type'
2025-08-18 11:52:20,407 - INFO - Update id=242038821 is handled. Duration 709 ms by bot id=8091639515
2025-08-18 11:52:26,591 - INFO - Update id=242038822 is handled. Duration 88 ms by bot id=8091639515
2025-08-18 11:52:35,521 - INFO - Update id=242038823 is handled. Duration 123 ms by bot id=8091639515
2025-08-18 11:52:42,884 - INFO - Update id=242038824 is handled. Duration 110 ms by bot id=8091639515
2025-08-18 11:52:54,221 - INFO - Update id=242038825 is handled. Duration 149 ms by bot id=8091639515
2025-08-18 11:53:12,144 - INFO - Update id=242038826 is handled. Duration 70 ms by bot id=8091639515
2025-08-18 11:53:27,919 - INFO - Update id=242038827 is handled. Duration 106 ms by bot id=8091639515
2025-08-18 11:53:49,657 - INFO - Пользователю 896220662 показана ссылка на политику персональных данных перед соглашением
2025-08-18 11:53:49,657 - INFO - Update id=242038828 is handled. Duration 106 ms by bot id=8091639515
2025-08-18 11:54:29,273 - INFO - Пользователь 896220662 ответил 'согласен' на соглашение о политике использования персональных данных
2025-08-18 11:54:29,681 - INFO - Update id=242038829 is handled. Duration 410 ms by bot id=8091639515
2025-08-18 15:52:53,453 - INFO - Polling stopped
2025-08-18 15:52:53,498 - ERROR - Failed to fetch updates - TelegramNetworkError: HTTP Client says - ServerDisconnectedError: Server disconnected
2025-08-18 15:52:53,503 - WARNING - Sleep for 1.000000 seconds and try again... (tryings = 0, bot id = 8091639515)
2025-08-18 15:52:53,779 - INFO - Polling stopped for bot @awhfqwuihBot id=8091639515 - 'test bot'
2025-08-20 13:59:06,279 - INFO - Start polling
2025-08-20 13:59:06,374 - INFO - Run polling for bot @awhfqwuihBot id=8091639515 - 'test bot'
2025-08-20 13:59:22,046 - ERROR - Ошибка в обработчике команд /start для пользователя 1050315821: type object 'Form' has no attribute 'waiting_for_type'
2025-08-20 13:59:22,243 - INFO - Update id=242038830 is handled. Duration 506 ms by bot id=8091639515
2025-08-20 13:59:33,610 - INFO - Update id=242038831 is handled. Duration 201 ms by bot id=8091639515
2025-08-20 13:59:45,694 - INFO - Update id=242038832 is handled. Duration 202 ms by bot id=8091639515
2025-08-20 13:59:55,357 - INFO - Update id=242038833 is handled. Duration 519 ms by bot id=8091639515
2025-08-20 14:01:41,115 - ERROR - Ошибка в обработчике publish_answer: int() argument must be a string, a bytes-like object or a real number, not 'list'
2025-08-20 14:01:41,271 - INFO - Update id=242038834 is handled. Duration 157 ms by bot id=8091639515
2025-08-20 14:01:52,173 - ERROR - Ошибка в обработчике команд /start для пользователя 1050315821: type object 'Form' has no attribute 'waiting_for_type'
2025-08-20 14:01:52,334 - INFO - Update id=242038835 is handled. Duration 368 ms by bot id=8091639515
2025-08-20 14:01:54,829 - INFO - Update id=242038836 is handled. Duration 194 ms by bot id=8091639515
2025-08-20 14:01:58,832 - INFO - Update id=242038837 is handled. Duration 107 ms by bot id=8091639515
2025-08-20 14:02:06,124 - INFO - Update id=242038838 is handled. Duration 106 ms by bot id=8091639515
2025-08-20 14:02:12,650 - INFO - Update id=242038839 is handled. Duration 99 ms by bot id=8091639515
2025-08-20 14:02:21,064 - INFO - Update id=242038840 is handled. Duration 114 ms by bot id=8091639515
2025-08-20 14:02:26,374 - INFO - Пользователю 1050315821 показана ссылка на политику персональных данных перед соглашением
2025-08-20 14:02:26,374 - INFO - Update id=242038841 is handled. Duration 218 ms by bot id=8091639515
2025-08-20 14:02:38,158 - INFO - Пользователь 1050315821 ответил 'согласен' на соглашение о политике использования персональных данных
2025-08-20 14:02:38,476 - INFO - Update id=242038842 is handled. Duration 320 ms by bot id=8091639515
2025-08-20 14:02:48,916 - INFO - Update id=242038843 is handled. Duration 615 ms by bot id=8091639515
2025-08-20 14:03:07,596 - INFO - Update id=242038844 is not handled. Duration 1 ms by bot id=8091639515
2025-08-20 14:03:19,533 - ERROR - Ошибка в обработчике команд /start для пользователя 7539844857: type object 'Form' has no attribute 'waiting_for_type'
2025-08-20 14:03:19,736 - INFO - Update id=242038845 is handled. Duration 292 ms by bot id=8091639515
2025-08-20 14:03:21,881 - INFO - Update id=242038846 is handled. Duration 104 ms by bot id=8091639515
2025-08-20 14:03:27,013 - INFO - Update id=242038847 is handled. Duration 307 ms by bot id=8091639515
2025-08-20 14:03:34,308 - INFO - Update id=242038848 is handled. Duration 139 ms by bot id=8091639515
2025-08-20 14:03:40,719 - INFO - Update id=242038849 is handled. Duration 297 ms by bot id=8091639515
2025-08-20 14:03:48,819 - INFO - Update id=242038850 is handled. Duration 106 ms by bot id=8091639515
2025-08-20 14:03:57,437 - INFO - Пользователю 7539844857 показана ссылка на политику персональных данных перед соглашением
2025-08-20 14:03:57,437 - INFO - Update id=242038851 is handled. Duration 117 ms by bot id=8091639515
2025-08-20 14:04:06,637 - INFO - Пользователь 7539844857 ответил 'согласен' на соглашение о политике использования персональных данных
2025-08-20 14:04:07,039 - INFO - Update id=242038852 is handled. Duration 404 ms by bot id=8091639515
2025-08-20 14:04:15,358 - INFO - Update id=242038853 is handled. Duration 420 ms by bot id=8091639515
2025-08-20 14:12:11,017 - INFO - Polling stopped
2025-08-20 14:12:11,084 - ERROR - Failed to fetch updates - TelegramNetworkError: HTTP Client says - ServerDisconnectedError: Server disconnected
2025-08-20 14:12:11,085 - WARNING - Sleep for 1.000000 seconds and try again... (tryings = 0, bot id = 8091639515)
2025-08-20 14:12:11,351 - INFO - Polling stopped for bot @awhfqwuihBot id=8091639515 - 'test bot'
2025-08-20 14:12:18,501 - INFO - Start polling
2025-08-20 14:12:18,650 - INFO - Run polling for bot @awhfqwuihBot id=8091639515 - 'test bot'
2025-08-20 14:12:55,302 - ERROR - Ошибка в обработчике команд /start для пользователя 7539844857: type object 'Form' has no attribute 'waiting_for_type'
2025-08-20 14:12:55,461 - INFO - Update id=242038854 is handled. Duration 596 ms by bot id=8091639515
2025-08-20 14:12:56,894 - INFO - Update id=242038855 is handled. Duration 298 ms by bot id=8091639515
2025-08-20 14:13:04,479 - INFO - Update id=242038856 is handled. Duration 311 ms by bot id=8091639515
2025-08-20 14:13:13,387 - INFO - Update id=242038857 is handled. Duration 300 ms by bot id=8091639515
2025-08-20 14:13:22,098 - INFO - Update id=242038858 is handled. Duration 216 ms by bot id=8091639515
2025-08-20 14:13:31,310 - INFO - Update id=242038859 is handled. Duration 186 ms by bot id=8091639515
2025-08-20 14:13:37,639 - INFO - Пользователю 7539844857 показана ссылка на политику персональных данных перед соглашением
2025-08-20 14:13:37,640 - INFO - Update id=242038860 is handled. Duration 87 ms by bot id=8091639515
2025-08-20 14:13:50,996 - INFO - Пользователь 7539844857 ответил 'согласен' на соглашение о политике использования персональных данных
2025-08-20 14:13:51,288 - INFO - Update id=242038861 is handled. Duration 319 ms by bot id=8091639515
2025-08-20 14:16:06,889 - INFO - Update id=242038862 is handled. Duration 640 ms by bot id=8091639515
2025-08-20 14:16:26,246 - INFO - Polling stopped
2025-08-20 14:16:26,254 - ERROR - Failed to fetch updates - TelegramNetworkError: HTTP Client says - ServerDisconnectedError: Server disconnected
2025-08-20 14:16:26,255 - WARNING - Sleep for 1.000000 seconds and try again... (tryings = 0, bot id = 8091639515)
2025-08-20 14:16:26,521 - INFO - Polling stopped for bot @awhfqwuihBot id=8091639515 - 'test bot'
2025-08-20 14:16:33,615 - INFO - Start polling
2025-08-20 14:16:33,697 - INFO - Run polling for bot @awhfqwuihBot id=8091639515 - 'test bot'
2025-08-20 14:16:35,437 - ERROR - Ошибка в обработчике команд /start для пользователя 7539844857: type object 'Form' has no attribute 'waiting_for_type'
2025-08-20 14:16:35,582 - INFO - Update id=242038863 is handled. Duration 739 ms by bot id=8091639515
2025-08-20 14:16:37,102 - INFO - Update id=242038864 is handled. Duration 200 ms by bot id=8091639515
2025-08-20 14:16:42,804 - INFO - Update id=242038865 is handled. Duration 307 ms by bot id=8091639515
2025-08-20 14:16:50,496 - INFO - Update id=242038866 is handled. Duration 168 ms by bot id=8091639515
2025-08-20 14:17:01,244 - INFO - Update id=242038867 is handled. Duration 161 ms by bot id=8091639515
2025-08-20 14:17:13,343 - INFO - Update id=242038868 is handled. Duration 114 ms by bot id=8091639515
2025-08-20 14:17:25,682 - INFO - Update id=242038869 is handled. Duration 253 ms by bot id=8091639515
2025-08-20 14:17:30,844 - INFO - Пользователю 7539844857 показана ссылка на политику персональных данных перед соглашением
2025-08-20 14:17:30,844 - INFO - Update id=242038870 is handled. Duration 103 ms by bot id=8091639515
2025-08-20 14:17:37,505 - INFO - Пользователь 7539844857 ответил 'согласен' на соглашение о политике использования персональных данных
2025-08-20 14:17:38,089 - INFO - Update id=242038871 is handled. Duration 587 ms by bot id=8091639515
2025-08-20 14:17:45,772 - INFO - Update id=242038872 is handled. Duration 462 ms by bot id=8091639515
2025-08-20 14:21:39,070 - ERROR - Ошибка в обработчике команд /start для пользователя 7539844857: type object 'Form' has no attribute 'waiting_for_type'
2025-08-20 14:21:39,377 - INFO - Update id=242038873 is handled. Duration 506 ms by bot id=8091639515
2025-08-20 14:21:45,625 - INFO - Update id=242038874 is handled. Duration 300 ms by bot id=8091639515
2025-08-20 14:21:51,087 - INFO - Update id=242038875 is handled. Duration 211 ms by bot id=8091639515
2025-08-20 14:21:58,567 - INFO - Update id=242038876 is handled. Duration 409 ms by bot id=8091639515
2025-08-20 14:22:10,622 - INFO - Update id=242038877 is handled. Duration 237 ms by bot id=8091639515
2025-08-20 14:22:21,700 - INFO - Update id=242038878 is handled. Duration 217 ms by bot id=8091639515
2025-08-20 14:22:26,959 - INFO - Update id=242038879 is handled. Duration 164 ms by bot id=8091639515
2025-08-20 14:22:32,739 - INFO - Пользователю 7539844857 показана ссылка на политику персональных данных перед соглашением
2025-08-20 14:22:32,739 - INFO - Update id=242038880 is handled. Duration 210 ms by bot id=8091639515
2025-08-20 14:22:55,284 - INFO - Пользователь 7539844857 ответил 'согласен' на соглашение о политике использования персональных данных
2025-08-20 14:22:55,894 - INFO - Update id=242038881 is handled. Duration 612 ms by bot id=8091639515
2025-08-20 14:23:22,783 - INFO - Update id=242038882 is handled. Duration 708 ms by bot id=8091639515
2025-08-20 14:26:05,143 - ERROR - Ошибка в обработчике команд /start для пользователя 7539844857: type object 'Form' has no attribute 'waiting_for_type'
2025-08-20 14:26:05,340 - INFO - Update id=242038883 is handled. Duration 306 ms by bot id=8091639515
2025-08-20 14:26:06,258 - INFO - Update id=242038884 is handled. Duration 171 ms by bot id=8091639515
2025-08-20 14:26:12,293 - INFO - Update id=242038885 is handled. Duration 283 ms by bot id=8091639515
2025-08-20 14:26:14,472 - INFO - Update id=242038886 is handled. Duration 295 ms by bot id=8091639515
2025-08-20 14:28:25,585 - INFO - Polling stopped
2025-08-20 14:28:25,598 - ERROR - Failed to fetch updates - TelegramNetworkError: HTTP Client says - ServerDisconnectedError: Server disconnected
2025-08-20 14:28:25,599 - WARNING - Sleep for 1.000000 seconds and try again... (tryings = 0, bot id = 8091639515)
2025-08-20 14:28:25,857 - INFO - Polling stopped for bot @awhfqwuihBot id=8091639515 - 'test bot'
2025-08-20 14:28:32,395 - INFO - Start polling
2025-08-20 14:28:32,573 - INFO - Run polling for bot @awhfqwuihBot id=8091639515 - 'test bot'
2025-08-20 14:28:36,905 - ERROR - Ошибка в обработчике команд /start для пользователя 7539844857: type object 'Form' has no attribute 'waiting_for_type'
2025-08-20 14:28:37,097 - INFO - Update id=242038887 is handled. Duration 660 ms by bot id=8091639515
2025-08-20 14:28:38,840 - INFO - Update id=242038888 is handled. Duration 153 ms by bot id=8091639515
2025-08-20 14:28:42,628 - INFO - Update id=242038889 is handled. Duration 99 ms by bot id=8091639515
2025-08-20 14:28:49,020 - INFO - Update id=242038890 is handled. Duration 212 ms by bot id=8091639515
2025-08-20 14:28:58,092 - INFO - Update id=242038891 is handled. Duration 163 ms by bot id=8091639515
2025-08-20 14:29:11,626 - INFO - Update id=242038892 is handled. Duration 111 ms by bot id=8091639515
2025-08-20 14:29:22,873 - INFO - Update id=242038893 is handled. Duration 108 ms by bot id=8091639515
2025-08-20 14:29:30,492 - INFO - Update id=242038894 is handled. Duration 200 ms by bot id=8091639515
2025-08-20 14:29:36,538 - INFO - Update id=242038895 is handled. Duration 248 ms by bot id=8091639515
2025-08-20 14:29:41,933 - INFO - Пользователю 7539844857 показана ссылка на политику персональных данных перед соглашением
2025-08-20 14:29:41,934 - INFO - Update id=242038896 is handled. Duration 192 ms by bot id=8091639515
2025-08-20 14:29:47,966 - INFO - Пользователь 7539844857 ответил 'согласен' на соглашение о политике использования персональных данных
2025-08-20 14:29:48,378 - INFO - Update id=242038897 is handled. Duration 414 ms by bot id=8091639515
2025-08-20 14:30:17,818 - INFO - Update id=242038898 is handled. Duration 647 ms by bot id=8091639515
2025-08-20 14:30:50,892 - INFO - Update id=242038899 is handled. Duration 458 ms by bot id=8091639515
2025-08-20 14:31:05,601 - ERROR - Ошибка в обработчике команд /start для пользователя 7539844857: type object 'Form' has no attribute 'waiting_for_type'
2025-08-20 14:31:05,793 - INFO - Update id=242038900 is handled. Duration 304 ms by bot id=8091639515
2025-08-20 14:31:09,789 - INFO - Update id=242038901 is handled. Duration 104 ms by bot id=8091639515
2025-08-20 14:31:13,499 - INFO - Update id=242038902 is handled. Duration 218 ms by bot id=8091639515
2025-08-20 14:31:20,029 - INFO - Update id=242038903 is handled. Duration 100 ms by bot id=8091639515
2025-08-20 14:31:40,097 - INFO - Update id=242038904 is handled. Duration 202 ms by bot id=8091639515
2025-08-20 14:31:58,743 - INFO - Update id=242038905 is handled. Duration 105 ms by bot id=8091639515
2025-08-20 14:32:02,527 - INFO - Пользователю 7539844857 показана ссылка на политику персональных данных перед соглашением
2025-08-20 14:32:02,527 - INFO - Update id=242038906 is handled. Duration 389 ms by bot id=8091639515
2025-08-20 14:32:05,805 - INFO - Пользователь 7539844857 ответил 'согласен' на соглашение о политике использования персональных данных
2025-08-20 14:32:06,119 - INFO - Update id=242038907 is handled. Duration 314 ms by bot id=8091639515
2025-08-20 14:32:10,837 - INFO - Update id=242038908 is handled. Duration 818 ms by bot id=8091639515
2025-08-20 14:46:50,689 - INFO - Polling stopped
2025-08-20 14:46:50,770 - ERROR - Failed to fetch updates - TelegramNetworkError: HTTP Client says - ServerDisconnectedError: Server disconnected
2025-08-20 14:46:50,773 - WARNING - Sleep for 1.000000 seconds and try again... (tryings = 0, bot id = 8091639515)
2025-08-20 14:46:51,065 - INFO - Polling stopped for bot @awhfqwuihBot id=8091639515 - 'test bot'
2025-08-20 14:46:57,890 - INFO - Start polling
2025-08-20 14:46:58,089 - INFO - Run polling for bot @awhfqwuihBot id=8091639515 - 'test bot'
2025-08-20 14:47:20,321 - ERROR - Ошибка в обработчике команд /start для пользователя 7539844857: type object 'Form' has no attribute 'waiting_for_type'
Traceback (most recent call last):
  File "C:\education\education\tgbotpsy\bot\main.py", line 34, in cmd_start
    await state.set_state(Form.waiting_for_type)
                          ^^^^^^^^^^^^^^^^^^^^^
AttributeError: type object 'Form' has no attribute 'waiting_for_type'
2025-08-20 14:47:20,400 - INFO - Update id=242038909 is handled. Duration 478 ms by bot id=8091639515
2025-08-20 14:47:23,589 - INFO - Update id=242038910 is handled. Duration 104 ms by bot id=8091639515
2025-08-20 14:47:32,286 - INFO - Update id=242038911 is handled. Duration 178 ms by bot id=8091639515
2025-08-20 14:47:34,052 - INFO - Update id=242038912 is handled. Duration 231 ms by bot id=8091639515
2025-08-20 14:48:35,660 - ERROR - Ошибка в обработчике publish_answer: Telegram server says - Bad Request: chat not found
Traceback (most recent call last):
  File "C:\education\education\tgbotpsy\bot\handlers\question.py", line 136, in publish_answer
    await message.bot.send_message(GROUP_ID, f"Ответ на вопрос #{question_id}:\n\n{question_text}\n\n(Ответ психолога)")
  File "C:\education\education\tgbotpsy\.venv\Lib\site-packages\aiogram\client\bot.py", line 2854, in send_message
    return await self(call, request_timeout=request_timeout)
           ^^^^^^^^^^^^^^^^^^^^^^^^^^^^^^^^^^^^^^^^^^^^^^^^^
  File "C:\education\education\tgbotpsy\.venv\Lib\site-packages\aiogram\client\bot.py", line 482, in __call__
    return await self.session(self, method, timeout=request_timeout)
           ^^^^^^^^^^^^^^^^^^^^^^^^^^^^^^^^^^^^^^^^^^^^^^^^^^^^^^^^^
  File "C:\education\education\tgbotpsy\.venv\Lib\site-packages\aiogram\client\session\base.py", line 254, in __call__
    return cast(TelegramType, await middleware(bot, method))
                              ^^^^^^^^^^^^^^^^^^^^^^^^^^^^^
  File "C:\education\education\tgbotpsy\.venv\Lib\site-packages\aiogram\client\session\aiohttp.py", line 185, in make_request
    response = self.check_response(
        bot=bot, method=method, status_code=resp.status, content=raw_result
    )
  File "C:\education\education\tgbotpsy\.venv\Lib\site-packages\aiogram\client\session\base.py", line 120, in check_response
    raise TelegramBadRequest(method=method, message=description)
aiogram.exceptions.TelegramBadRequest: Telegram server says - Bad Request: chat not found
2025-08-20 14:48:35,738 - INFO - Update id=242038913 is handled. Duration 160 ms by bot id=8091639515
2025-08-20 14:51:52,908 - INFO - Update id=242038914 is handled. Duration 297 ms by bot id=8091639515
2025-08-20 14:54:20,180 - INFO - Update id=242038915 is not handled. Duration 2 ms by bot id=8091639515
2025-08-20 14:57:06,067 - ERROR - Ошибка в обработчике команд /start для пользователя 7539844857: type object 'Form' has no attribute 'waiting_for_type'
Traceback (most recent call last):
  File "C:\education\education\tgbotpsy\bot\main.py", line 34, in cmd_start
    await state.set_state(Form.waiting_for_type)
                          ^^^^^^^^^^^^^^^^^^^^^
AttributeError: type object 'Form' has no attribute 'waiting_for_type'
2025-08-20 14:57:06,483 - INFO - Update id=242038916 is handled. Duration 568 ms by bot id=8091639515
2025-08-20 14:57:07,613 - INFO - Update id=242038917 is handled. Duration 105 ms by bot id=8091639515
2025-08-20 14:57:15,426 - INFO - Update id=242038918 is handled. Duration 218 ms by bot id=8091639515
2025-08-20 14:57:16,994 - INFO - Update id=242038919 is handled. Duration 371 ms by bot id=8091639515
2025-08-20 14:57:21,641 - INFO - Update id=242038920 is handled. Duration 509 ms by bot id=8091639515
2025-08-20 15:01:36,687 - INFO - Polling stopped
2025-08-20 15:01:36,706 - ERROR - Failed to fetch updates - TelegramNetworkError: HTTP Client says - ServerDisconnectedError: Server disconnected
2025-08-20 15:01:36,707 - WARNING - Sleep for 1.000000 seconds and try again... (tryings = 0, bot id = 8091639515)
2025-08-20 15:01:36,967 - INFO - Polling stopped for bot @awhfqwuihBot id=8091639515 - 'test bot'
2025-08-20 15:03:10,515 - INFO - Start polling
2025-08-20 15:03:10,678 - INFO - Run polling for bot @awhfqwuihBot id=8091639515 - 'test bot'
2025-08-20 15:03:15,525 - ERROR - Ошибка в обработчике команд /start для пользователя 7539844857: type object 'Form' has no attribute 'waiting_for_type'
Traceback (most recent call last):
  File "C:\education\education\tgbotpsy\bot\main.py", line 34, in cmd_start
    await state.set_state(Form.waiting_for_type)
                          ^^^^^^^^^^^^^^^^^^^^^
AttributeError: type object 'Form' has no attribute 'waiting_for_type'
2025-08-20 15:03:15,661 - INFO - Update id=242038921 is handled. Duration 497 ms by bot id=8091639515
2025-08-20 15:03:18,429 - INFO - Update id=242038922 is handled. Duration 92 ms by bot id=8091639515
2025-08-20 15:03:25,725 - INFO - Update id=242038923 is handled. Duration 133 ms by bot id=8091639515
2025-08-20 15:03:28,362 - INFO - Update id=242038924 is handled. Duration 405 ms by bot id=8091639515
2025-08-20 15:04:12,394 - INFO - Update id=242038925 is handled. Duration 102 ms by bot id=8091639515
2025-08-20 15:04:27,962 - INFO - Update id=242038926 is not handled. Duration 2 ms by bot id=8091639515
2025-08-20 15:04:53,562 - INFO - Update id=242038927 is handled. Duration 123 ms by bot id=8091639515
2025-08-20 15:05:00,942 - INFO - Update id=242038928 is not handled. Duration 7 ms by bot id=8091639515
2025-08-20 15:09:40,248 - INFO - Polling stopped
2025-08-20 15:09:40,265 - ERROR - Failed to fetch updates - TelegramNetworkError: HTTP Client says - ServerDisconnectedError: Server disconnected
2025-08-20 15:09:40,266 - WARNING - Sleep for 1.000000 seconds and try again... (tryings = 0, bot id = 8091639515)
2025-08-20 15:09:40,523 - INFO - Polling stopped for bot @awhfqwuihBot id=8091639515 - 'test bot'
2025-08-20 15:09:48,187 - INFO - Start polling
2025-08-20 15:09:48,391 - INFO - Run polling for bot @awhfqwuihBot id=8091639515 - 'test bot'
2025-08-20 15:10:06,011 - ERROR - Ошибка в обработчике команд /start для пользователя 7539844857: type object 'Form' has no attribute 'waiting_for_type'
Traceback (most recent call last):
  File "C:\education\education\tgbotpsy\bot\main.py", line 34, in cmd_start
    await state.set_state(Form.waiting_for_type)
                          ^^^^^^^^^^^^^^^^^^^^^
AttributeError: type object 'Form' has no attribute 'waiting_for_type'
2025-08-20 15:10:06,209 - INFO - Update id=242038929 is handled. Duration 712 ms by bot id=8091639515
2025-08-20 15:10:07,755 - INFO - Update id=242038930 is handled. Duration 73 ms by bot id=8091639515
2025-08-20 15:10:18,495 - INFO - Update id=242038931 is handled. Duration 300 ms by bot id=8091639515
2025-08-20 15:10:19,882 - INFO - Update id=242038932 is handled. Duration 360 ms by bot id=8091639515
2025-08-20 15:10:25,172 - INFO - Update id=242038933 is handled. Duration 117 ms by bot id=8091639515
2025-08-20 15:10:32,840 - INFO - Update id=242038934 is not handled. Duration 4 ms by bot id=8091639515
2025-08-20 15:10:41,437 - INFO - Update id=242038935 is handled. Duration 198 ms by bot id=8091639515
2025-08-20 15:12:07,738 - INFO - Polling stopped
2025-08-20 15:12:07,746 - ERROR - Failed to fetch updates - TelegramNetworkError: HTTP Client says - ServerDisconnectedError: Server disconnected
2025-08-20 15:12:07,747 - WARNING - Sleep for 1.000000 seconds and try again... (tryings = 0, bot id = 8091639515)
2025-08-20 15:12:07,999 - INFO - Polling stopped for bot @awhfqwuihBot id=8091639515 - 'test bot'
2025-08-20 15:12:16,707 - INFO - Start polling
2025-08-20 15:12:16,883 - INFO - Run polling for bot @awhfqwuihBot id=8091639515 - 'test bot'
2025-08-20 15:12:21,968 - ERROR - Ошибка в обработчике команд /start для пользователя 7539844857: type object 'Form' has no attribute 'waiting_for_type'
Traceback (most recent call last):
  File "C:\education\education\tgbotpsy\bot\main.py", line 34, in cmd_start
    await state.set_state(Form.waiting_for_type)
                          ^^^^^^^^^^^^^^^^^^^^^
AttributeError: type object 'Form' has no attribute 'waiting_for_type'
2025-08-20 15:12:22,212 - INFO - Update id=242038936 is handled. Duration 764 ms by bot id=8091639515
2025-08-20 15:12:22,922 - INFO - Update id=242038937 is handled. Duration 196 ms by bot id=8091639515
2025-08-20 15:12:32,866 - INFO - Update id=242038938 is handled. Duration 301 ms by bot id=8091639515
2025-08-20 15:12:34,598 - INFO - Update id=242038939 is handled. Duration 512 ms by bot id=8091639515
2025-08-20 15:12:42,801 - INFO - Update id=242038940 is handled. Duration 111 ms by bot id=8091639515
2025-08-20 15:12:52,044 - INFO - Update id=242038941 is not handled. Duration 4 ms by bot id=8091639515
2025-08-20 15:12:56,401 - INFO - Update id=242038942 is not handled. Duration 2 ms by bot id=8091639515
2025-08-20 15:13:00,920 - INFO - Update id=242038943 is handled. Duration 102 ms by bot id=8091639515
2025-08-20 15:13:06,365 - INFO - Update id=242038944 is handled. Duration 216 ms by bot id=8091639515
2025-08-20 15:13:11,268 - INFO - Update id=242038945 is not handled. Duration 2 ms by bot id=8091639515
2025-08-20 15:13:16,086 - INFO - Update id=242038946 is not handled. Duration 3 ms by bot id=8091639515
2025-08-20 15:18:47,533 - INFO - Polling stopped
2025-08-20 15:18:47,553 - ERROR - Failed to fetch updates - TelegramNetworkError: HTTP Client says - ServerDisconnectedError: Server disconnected
2025-08-20 15:18:47,554 - WARNING - Sleep for 1.000000 seconds and try again... (tryings = 0, bot id = 8091639515)
2025-08-20 15:18:47,824 - INFO - Polling stopped for bot @awhfqwuihBot id=8091639515 - 'test bot'
2025-08-20 15:22:42,152 - ERROR - Исключение в main(): Router.include_router() got an unexpected keyword argument 'storage'
Traceback (most recent call last):
  File "C:\education\education\tgbotpsy\bot\main.py", line 21, in main
    dp.include_router(question.router, storage=storage)
    ~~~~~~~~~~~~~~~~~^^^^^^^^^^^^^^^^^^^^^^^^^^^^^^^^^^
TypeError: Router.include_router() got an unexpected keyword argument 'storage'
2025-08-20 15:23:00,704 - ERROR - Исключение в main(): Router.include_router() got an unexpected keyword argument 'storage'
Traceback (most recent call last):
  File "C:\education\education\tgbotpsy\bot\main.py", line 21, in main
    dp.include_router(question.router, storage=storage)
    ~~~~~~~~~~~~~~~~~^^^^^^^^^^^^^^^^^^^^^^^^^^^^^^^^^^
TypeError: Router.include_router() got an unexpected keyword argument 'storage'
2025-08-20 15:30:43,151 - ERROR - Исключение в main(): At least one bot instance is required to start polling
Traceback (most recent call last):
  File "C:\education\education\tgbotpsy\bot\main.py", line 39, in main
    await dp.start_polling()
  File "C:\education\education\tgbotpsy\.venv\Lib\site-packages\aiogram\dispatcher\dispatcher.py", line 525, in start_polling
    raise ValueError("At least one bot instance is required to start polling")
ValueError: At least one bot instance is required to start polling
2025-08-20 15:30:43,335 - ERROR - Unclosed client session
client_session: <aiohttp.client.ClientSession object at 0x0000019D65004440>
2025-08-20 15:30:43,336 - ERROR - Unclosed connector
connections: ['deque([(<aiohttp.client_proto.ResponseHandler object at 0x0000019D64FED550>, 611944.9627338)])']
connector: <aiohttp.connector.TCPConnector object at 0x0000019D64F4BCB0>
2025-08-20 15:32:52,357 - INFO - Start polling
2025-08-20 15:32:52,437 - INFO - Run polling for bot @awhfqwuihBot id=8091639515 - 'test bot'
2025-08-20 15:33:13,531 - ERROR - Ошибка в обработчике команд /start для пользователя 7539844857: type object 'Form' has no attribute 'waiting_for_type'
Traceback (most recent call last):
  File "C:\education\education\tgbotpsy\bot\main.py", line 31, in cmd_start
    await state.set_state(Form.waiting_for_type)
                          ^^^^^^^^^^^^^^^^^^^^^
AttributeError: type object 'Form' has no attribute 'waiting_for_type'
2025-08-20 15:33:13,934 - INFO - Update id=242038948 is handled. Duration 1023 ms by bot id=8091639515
2025-08-20 15:33:27,656 - INFO - Update id=242038949 is handled. Duration 100 ms by bot id=8091639515
2025-08-20 15:33:36,836 - INFO - Update id=242038950 is handled. Duration 67 ms by bot id=8091639515
2025-08-20 15:33:38,415 - INFO - Update id=242038951 is handled. Duration 412 ms by bot id=8091639515
2025-08-20 15:33:51,120 - INFO - Update id=242038952 is not handled. Duration 2 ms by bot id=8091639515
2025-08-20 15:33:51,120 - ERROR - Cause exception while process update id=242038952 by bot id=8091639515
TypeError: int() argument must be a string, a bytes-like object or a real number, not 'list'
Traceback (most recent call last):
  File "C:\education\education\tgbotpsy\.venv\Lib\site-packages\aiogram\dispatcher\dispatcher.py", line 309, in _process_update
    response = await self.feed_update(bot, update, **kwargs)
               ^^^^^^^^^^^^^^^^^^^^^^^^^^^^^^^^^^^^^^^^^^^^^
  File "C:\education\education\tgbotpsy\.venv\Lib\site-packages\aiogram\dispatcher\dispatcher.py", line 158, in feed_update
    response = await self.update.wrap_outer_middleware(
               ^^^^^^^^^^^^^^^^^^^^^^^^^^^^^^^^^^^^^^^^
    ...<7 lines>...
    )
    ^
  File "C:\education\education\tgbotpsy\.venv\Lib\site-packages\aiogram\dispatcher\middlewares\error.py", line 25, in __call__
    return await handler(event, data)
           ^^^^^^^^^^^^^^^^^^^^^^^^^^
  File "C:\education\education\tgbotpsy\.venv\Lib\site-packages\aiogram\dispatcher\middlewares\user_context.py", line 56, in __call__
    return await handler(event, data)
           ^^^^^^^^^^^^^^^^^^^^^^^^^^
  File "C:\education\education\tgbotpsy\.venv\Lib\site-packages\aiogram\fsm\middleware.py", line 42, in __call__
    return await handler(event, data)
           ^^^^^^^^^^^^^^^^^^^^^^^^^^
  File "C:\education\education\tgbotpsy\.venv\Lib\site-packages\aiogram\dispatcher\event\telegram.py", line 121, in trigger
    return await wrapped_inner(event, kwargs)
           ^^^^^^^^^^^^^^^^^^^^^^^^^^^^^^^^^^
  File "C:\education\education\tgbotpsy\.venv\Lib\site-packages\aiogram\dispatcher\event\handler.py", line 43, in call
    return await wrapped()
           ^^^^^^^^^^^^^^^
  File "C:\education\education\tgbotpsy\.venv\Lib\site-packages\aiogram\dispatcher\dispatcher.py", line 276, in _listen_update
    return await self.propagate_event(update_type=update_type, event=event, **kwargs)
           ^^^^^^^^^^^^^^^^^^^^^^^^^^^^^^^^^^^^^^^^^^^^^^^^^^^^^^^^^^^^^^^^^^^^^^^^^^
  File "C:\education\education\tgbotpsy\.venv\Lib\site-packages\aiogram\dispatcher\router.py", line 146, in propagate_event
    return await observer.wrap_outer_middleware(_wrapped, event=event, data=kwargs)
           ^^^^^^^^^^^^^^^^^^^^^^^^^^^^^^^^^^^^^^^^^^^^^^^^^^^^^^^^^^^^^^^^^^^^^^^^
  File "C:\education\education\tgbotpsy\.venv\Lib\site-packages\aiogram\dispatcher\router.py", line 141, in _wrapped
    return await self._propagate_event(
           ^^^^^^^^^^^^^^^^^^^^^^^^^^^^
        observer=observer, update_type=update_type, event=telegram_event, **data
        ^^^^^^^^^^^^^^^^^^^^^^^^^^^^^^^^^^^^^^^^^^^^^^^^^^^^^^^^^^^^^^^^^^^^^^^^
    )
    ^
  File "C:\education\education\tgbotpsy\.venv\Lib\site-packages\aiogram\dispatcher\router.py", line 174, in _propagate_event
    response = await router.propagate_event(update_type=update_type, event=event, **kwargs)
               ^^^^^^^^^^^^^^^^^^^^^^^^^^^^^^^^^^^^^^^^^^^^^^^^^^^^^^^^^^^^^^^^^^^^^^^^^^^^
  File "C:\education\education\tgbotpsy\.venv\Lib\site-packages\aiogram\dispatcher\router.py", line 146, in propagate_event
    return await observer.wrap_outer_middleware(_wrapped, event=event, data=kwargs)
           ^^^^^^^^^^^^^^^^^^^^^^^^^^^^^^^^^^^^^^^^^^^^^^^^^^^^^^^^^^^^^^^^^^^^^^^^
  File "C:\education\education\tgbotpsy\.venv\Lib\site-packages\aiogram\dispatcher\router.py", line 141, in _wrapped
    return await self._propagate_event(
           ^^^^^^^^^^^^^^^^^^^^^^^^^^^^
        observer=observer, update_type=update_type, event=telegram_event, **data
        ^^^^^^^^^^^^^^^^^^^^^^^^^^^^^^^^^^^^^^^^^^^^^^^^^^^^^^^^^^^^^^^^^^^^^^^^
    )
    ^
  File "C:\education\education\tgbotpsy\.venv\Lib\site-packages\aiogram\dispatcher\router.py", line 166, in _propagate_event
    response = await observer.trigger(event, **kwargs)
               ^^^^^^^^^^^^^^^^^^^^^^^^^^^^^^^^^^^^^^^
  File "C:\education\education\tgbotpsy\.venv\Lib\site-packages\aiogram\dispatcher\event\telegram.py", line 121, in trigger
    return await wrapped_inner(event, kwargs)
           ^^^^^^^^^^^^^^^^^^^^^^^^^^^^^^^^^^
  File "C:\education\education\tgbotpsy\.venv\Lib\site-packages\aiogram\dispatcher\event\handler.py", line 43, in call
    return await wrapped()
           ^^^^^^^^^^^^^^^
  File "C:\education\education\tgbotpsy\bot\handlers\question.py", line 125, in publish_start
    question_id = int(parts)
TypeError: int() argument must be a string, a bytes-like object or a real number, not 'list'
2025-08-20 15:36:21,262 - INFO - Polling stopped
2025-08-20 15:36:21,281 - ERROR - Failed to fetch updates - TelegramNetworkError: HTTP Client says - ServerDisconnectedError: Server disconnected
2025-08-20 15:36:21,282 - WARNING - Sleep for 1.000000 seconds and try again... (tryings = 0, bot id = 8091639515)
2025-08-20 15:36:21,546 - INFO - Polling stopped for bot @awhfqwuihBot id=8091639515 - 'test bot'
2025-08-20 15:36:29,223 - INFO - Start polling
2025-08-20 15:36:29,428 - INFO - Run polling for bot @awhfqwuihBot id=8091639515 - 'test bot'
2025-08-20 15:59:59,327 - INFO - Polling stopped
2025-08-20 15:59:59,357 - ERROR - Failed to fetch updates - TelegramNetworkError: HTTP Client says - ServerDisconnectedError: Server disconnected
2025-08-20 15:59:59,359 - WARNING - Sleep for 1.000000 seconds and try again... (tryings = 0, bot id = 8091639515)
2025-08-20 15:59:59,637 - INFO - Polling stopped for bot @awhfqwuihBot id=8091639515 - 'test bot'
2025-08-20 16:00:05,626 - INFO - Start polling
2025-08-20 16:00:05,724 - INFO - Run polling for bot @awhfqwuihBot id=8091639515 - 'test bot'
2025-08-20 16:01:10,410 - ERROR - Ошибка в обработчике команд /start для пользователя 1050315821: type object 'Form' has no attribute 'waiting_for_type'
Traceback (most recent call last):
  File "C:\education\education\tgbotpsy\bot\main.py", line 32, in cmd_start
    await state.set_state(Form.waiting_for_type)
                          ^^^^^^^^^^^^^^^^^^^^^
AttributeError: type object 'Form' has no attribute 'waiting_for_type'
2025-08-20 16:01:10,661 - INFO - Update id=242038953 is handled. Duration 716 ms by bot id=8091639515
2025-08-20 16:01:11,977 - INFO - Update id=242038954 is handled. Duration 300 ms by bot id=8091639515
2025-08-20 16:01:14,849 - INFO - Update id=242038955 is handled. Duration 106 ms by bot id=8091639515
2025-08-20 16:01:16,591 - INFO - Update id=242038956 is handled. Duration 289 ms by bot id=8091639515
2025-08-20 16:01:19,868 - INFO - /publish_ команда вызвана с текстом: /publish_1
2025-08-20 16:01:19,868 - INFO - Update id=242038957 is not handled. Duration 1 ms by bot id=8091639515
2025-08-20 16:01:19,868 - ERROR - Cause exception while process update id=242038957 by bot id=8091639515
TypeError: int() argument must be a string, a bytes-like object or a real number, not 'list'
Traceback (most recent call last):
  File "C:\education\education\tgbotpsy\.venv\Lib\site-packages\aiogram\dispatcher\dispatcher.py", line 309, in _process_update
    response = await self.feed_update(bot, update, **kwargs)
               ^^^^^^^^^^^^^^^^^^^^^^^^^^^^^^^^^^^^^^^^^^^^^
  File "C:\education\education\tgbotpsy\.venv\Lib\site-packages\aiogram\dispatcher\dispatcher.py", line 158, in feed_update
    response = await self.update.wrap_outer_middleware(
               ^^^^^^^^^^^^^^^^^^^^^^^^^^^^^^^^^^^^^^^^
    ...<7 lines>...
    )
    ^
  File "C:\education\education\tgbotpsy\.venv\Lib\site-packages\aiogram\dispatcher\middlewares\error.py", line 25, in __call__
    return await handler(event, data)
           ^^^^^^^^^^^^^^^^^^^^^^^^^^
  File "C:\education\education\tgbotpsy\.venv\Lib\site-packages\aiogram\dispatcher\middlewares\user_context.py", line 56, in __call__
    return await handler(event, data)
           ^^^^^^^^^^^^^^^^^^^^^^^^^^
  File "C:\education\education\tgbotpsy\.venv\Lib\site-packages\aiogram\fsm\middleware.py", line 42, in __call__
    return await handler(event, data)
           ^^^^^^^^^^^^^^^^^^^^^^^^^^
  File "C:\education\education\tgbotpsy\.venv\Lib\site-packages\aiogram\dispatcher\event\telegram.py", line 121, in trigger
    return await wrapped_inner(event, kwargs)
           ^^^^^^^^^^^^^^^^^^^^^^^^^^^^^^^^^^
  File "C:\education\education\tgbotpsy\.venv\Lib\site-packages\aiogram\dispatcher\event\handler.py", line 43, in call
    return await wrapped()
           ^^^^^^^^^^^^^^^
  File "C:\education\education\tgbotpsy\.venv\Lib\site-packages\aiogram\dispatcher\dispatcher.py", line 276, in _listen_update
    return await self.propagate_event(update_type=update_type, event=event, **kwargs)
           ^^^^^^^^^^^^^^^^^^^^^^^^^^^^^^^^^^^^^^^^^^^^^^^^^^^^^^^^^^^^^^^^^^^^^^^^^^
  File "C:\education\education\tgbotpsy\.venv\Lib\site-packages\aiogram\dispatcher\router.py", line 146, in propagate_event
    return await observer.wrap_outer_middleware(_wrapped, event=event, data=kwargs)
           ^^^^^^^^^^^^^^^^^^^^^^^^^^^^^^^^^^^^^^^^^^^^^^^^^^^^^^^^^^^^^^^^^^^^^^^^
  File "C:\education\education\tgbotpsy\.venv\Lib\site-packages\aiogram\dispatcher\router.py", line 141, in _wrapped
    return await self._propagate_event(
           ^^^^^^^^^^^^^^^^^^^^^^^^^^^^
        observer=observer, update_type=update_type, event=telegram_event, **data
        ^^^^^^^^^^^^^^^^^^^^^^^^^^^^^^^^^^^^^^^^^^^^^^^^^^^^^^^^^^^^^^^^^^^^^^^^
    )
    ^
  File "C:\education\education\tgbotpsy\.venv\Lib\site-packages\aiogram\dispatcher\router.py", line 174, in _propagate_event
    response = await router.propagate_event(update_type=update_type, event=event, **kwargs)
               ^^^^^^^^^^^^^^^^^^^^^^^^^^^^^^^^^^^^^^^^^^^^^^^^^^^^^^^^^^^^^^^^^^^^^^^^^^^^
  File "C:\education\education\tgbotpsy\.venv\Lib\site-packages\aiogram\dispatcher\router.py", line 146, in propagate_event
    return await observer.wrap_outer_middleware(_wrapped, event=event, data=kwargs)
           ^^^^^^^^^^^^^^^^^^^^^^^^^^^^^^^^^^^^^^^^^^^^^^^^^^^^^^^^^^^^^^^^^^^^^^^^
  File "C:\education\education\tgbotpsy\.venv\Lib\site-packages\aiogram\dispatcher\router.py", line 141, in _wrapped
    return await self._propagate_event(
           ^^^^^^^^^^^^^^^^^^^^^^^^^^^^
        observer=observer, update_type=update_type, event=telegram_event, **data
        ^^^^^^^^^^^^^^^^^^^^^^^^^^^^^^^^^^^^^^^^^^^^^^^^^^^^^^^^^^^^^^^^^^^^^^^^
    )
    ^
  File "C:\education\education\tgbotpsy\.venv\Lib\site-packages\aiogram\dispatcher\router.py", line 166, in _propagate_event
    response = await observer.trigger(event, **kwargs)
               ^^^^^^^^^^^^^^^^^^^^^^^^^^^^^^^^^^^^^^^
  File "C:\education\education\tgbotpsy\.venv\Lib\site-packages\aiogram\dispatcher\event\telegram.py", line 121, in trigger
    return await wrapped_inner(event, kwargs)
           ^^^^^^^^^^^^^^^^^^^^^^^^^^^^^^^^^^
  File "C:\education\education\tgbotpsy\.venv\Lib\site-packages\aiogram\dispatcher\event\handler.py", line 43, in call
    return await wrapped()
           ^^^^^^^^^^^^^^^
  File "C:\education\education\tgbotpsy\bot\handlers\question.py", line 126, in publish_start
    question_id = int(parts)
TypeError: int() argument must be a string, a bytes-like object or a real number, not 'list'
2025-08-20 16:04:41,763 - INFO - Polling stopped
2025-08-20 16:04:41,782 - ERROR - Failed to fetch updates - TelegramNetworkError: HTTP Client says - ServerDisconnectedError: Server disconnected
2025-08-20 16:04:41,783 - WARNING - Sleep for 1.000000 seconds and try again... (tryings = 0, bot id = 8091639515)
2025-08-20 16:04:42,043 - INFO - Polling stopped for bot @awhfqwuihBot id=8091639515 - 'test bot'
2025-08-20 16:04:47,340 - INFO - Start polling
2025-08-20 16:04:47,442 - INFO - Run polling for bot @awhfqwuihBot id=8091639515 - 'test bot'
2025-08-20 16:04:56,417 - ERROR - Ошибка в обработчике команд /start для пользователя 1050315821: type object 'Form' has no attribute 'waiting_for_type'
Traceback (most recent call last):
  File "C:\education\education\tgbotpsy\bot\main.py", line 32, in cmd_start
    await state.set_state(Form.waiting_for_type)
                          ^^^^^^^^^^^^^^^^^^^^^
AttributeError: type object 'Form' has no attribute 'waiting_for_type'
2025-08-20 16:04:56,559 - INFO - Update id=242038958 is handled. Duration 817 ms by bot id=8091639515
2025-08-20 16:04:57,681 - INFO - Update id=242038959 is handled. Duration 197 ms by bot id=8091639515
2025-08-20 16:05:00,663 - INFO - Update id=242038960 is handled. Duration 144 ms by bot id=8091639515
2025-08-20 16:05:02,085 - INFO - Update id=242038961 is handled. Duration 304 ms by bot id=8091639515
2025-08-20 16:05:03,120 - INFO - Update id=242038962 is not handled. Duration 0 ms by bot id=8091639515
2025-08-20 16:05:03,120 - ERROR - Cause exception while process update id=242038962 by bot id=8091639515
TypeError: int() argument must be a string, a bytes-like object or a real number, not 'list'
Traceback (most recent call last):
  File "C:\education\education\tgbotpsy\.venv\Lib\site-packages\aiogram\dispatcher\dispatcher.py", line 309, in _process_update
    response = await self.feed_update(bot, update, **kwargs)
               ^^^^^^^^^^^^^^^^^^^^^^^^^^^^^^^^^^^^^^^^^^^^^
  File "C:\education\education\tgbotpsy\.venv\Lib\site-packages\aiogram\dispatcher\dispatcher.py", line 158, in feed_update
    response = await self.update.wrap_outer_middleware(
               ^^^^^^^^^^^^^^^^^^^^^^^^^^^^^^^^^^^^^^^^
    ...<7 lines>...
    )
    ^
  File "C:\education\education\tgbotpsy\.venv\Lib\site-packages\aiogram\dispatcher\middlewares\error.py", line 25, in __call__
    return await handler(event, data)
           ^^^^^^^^^^^^^^^^^^^^^^^^^^
  File "C:\education\education\tgbotpsy\.venv\Lib\site-packages\aiogram\dispatcher\middlewares\user_context.py", line 56, in __call__
    return await handler(event, data)
           ^^^^^^^^^^^^^^^^^^^^^^^^^^
  File "C:\education\education\tgbotpsy\.venv\Lib\site-packages\aiogram\fsm\middleware.py", line 42, in __call__
    return await handler(event, data)
           ^^^^^^^^^^^^^^^^^^^^^^^^^^
  File "C:\education\education\tgbotpsy\.venv\Lib\site-packages\aiogram\dispatcher\event\telegram.py", line 121, in trigger
    return await wrapped_inner(event, kwargs)
           ^^^^^^^^^^^^^^^^^^^^^^^^^^^^^^^^^^
  File "C:\education\education\tgbotpsy\.venv\Lib\site-packages\aiogram\dispatcher\event\handler.py", line 43, in call
    return await wrapped()
           ^^^^^^^^^^^^^^^
  File "C:\education\education\tgbotpsy\.venv\Lib\site-packages\aiogram\dispatcher\dispatcher.py", line 276, in _listen_update
    return await self.propagate_event(update_type=update_type, event=event, **kwargs)
           ^^^^^^^^^^^^^^^^^^^^^^^^^^^^^^^^^^^^^^^^^^^^^^^^^^^^^^^^^^^^^^^^^^^^^^^^^^
  File "C:\education\education\tgbotpsy\.venv\Lib\site-packages\aiogram\dispatcher\router.py", line 146, in propagate_event
    return await observer.wrap_outer_middleware(_wrapped, event=event, data=kwargs)
           ^^^^^^^^^^^^^^^^^^^^^^^^^^^^^^^^^^^^^^^^^^^^^^^^^^^^^^^^^^^^^^^^^^^^^^^^
  File "C:\education\education\tgbotpsy\.venv\Lib\site-packages\aiogram\dispatcher\router.py", line 141, in _wrapped
    return await self._propagate_event(
           ^^^^^^^^^^^^^^^^^^^^^^^^^^^^
        observer=observer, update_type=update_type, event=telegram_event, **data
        ^^^^^^^^^^^^^^^^^^^^^^^^^^^^^^^^^^^^^^^^^^^^^^^^^^^^^^^^^^^^^^^^^^^^^^^^
    )
    ^
  File "C:\education\education\tgbotpsy\.venv\Lib\site-packages\aiogram\dispatcher\router.py", line 174, in _propagate_event
    response = await router.propagate_event(update_type=update_type, event=event, **kwargs)
               ^^^^^^^^^^^^^^^^^^^^^^^^^^^^^^^^^^^^^^^^^^^^^^^^^^^^^^^^^^^^^^^^^^^^^^^^^^^^
  File "C:\education\education\tgbotpsy\.venv\Lib\site-packages\aiogram\dispatcher\router.py", line 146, in propagate_event
    return await observer.wrap_outer_middleware(_wrapped, event=event, data=kwargs)
           ^^^^^^^^^^^^^^^^^^^^^^^^^^^^^^^^^^^^^^^^^^^^^^^^^^^^^^^^^^^^^^^^^^^^^^^^
  File "C:\education\education\tgbotpsy\.venv\Lib\site-packages\aiogram\dispatcher\router.py", line 141, in _wrapped
    return await self._propagate_event(
           ^^^^^^^^^^^^^^^^^^^^^^^^^^^^
        observer=observer, update_type=update_type, event=telegram_event, **data
        ^^^^^^^^^^^^^^^^^^^^^^^^^^^^^^^^^^^^^^^^^^^^^^^^^^^^^^^^^^^^^^^^^^^^^^^^
    )
    ^
  File "C:\education\education\tgbotpsy\.venv\Lib\site-packages\aiogram\dispatcher\router.py", line 166, in _propagate_event
    response = await observer.trigger(event, **kwargs)
               ^^^^^^^^^^^^^^^^^^^^^^^^^^^^^^^^^^^^^^^
  File "C:\education\education\tgbotpsy\.venv\Lib\site-packages\aiogram\dispatcher\event\telegram.py", line 121, in trigger
    return await wrapped_inner(event, kwargs)
           ^^^^^^^^^^^^^^^^^^^^^^^^^^^^^^^^^^
  File "C:\education\education\tgbotpsy\.venv\Lib\site-packages\aiogram\dispatcher\event\handler.py", line 43, in call
    return await wrapped()
           ^^^^^^^^^^^^^^^
  File "C:\education\education\tgbotpsy\bot\handlers\question.py", line 123, in publish_start
    question_id = int(parts)  # Правильно берем элемент с индексом 1, это строка '1'
TypeError: int() argument must be a string, a bytes-like object or a real number, not 'list'
2025-08-20 16:10:31,778 - INFO - Polling stopped
2025-08-20 16:10:31,845 - ERROR - Failed to fetch updates - TelegramNetworkError: HTTP Client says - ServerDisconnectedError: Server disconnected
2025-08-20 16:10:31,847 - WARNING - Sleep for 1.000000 seconds and try again... (tryings = 0, bot id = 8091639515)
2025-08-20 16:10:32,124 - INFO - Polling stopped for bot @awhfqwuihBot id=8091639515 - 'test bot'
2025-08-20 16:10:37,901 - INFO - Start polling
2025-08-20 16:10:38,032 - INFO - Run polling for bot @awhfqwuihBot id=8091639515 - 'test bot'
2025-08-20 16:11:06,134 - INFO - Update id=242038963 is handled. Duration 393 ms by bot id=8091639515
2025-08-20 16:11:10,138 - INFO - Update id=242038964 is handled. Duration 197 ms by bot id=8091639515
2025-08-20 16:11:13,110 - INFO - Update id=242038965 is handled. Duration 205 ms by bot id=8091639515
2025-08-20 16:11:14,644 - INFO - Update id=242038966 is handled. Duration 203 ms by bot id=8091639515
2025-08-20 16:11:16,705 - INFO - Update id=242038967 is handled. Duration 216 ms by bot id=8091639515
2025-08-20 16:15:04,455 - INFO - Polling stopped
2025-08-20 16:15:04,479 - ERROR - Failed to fetch updates - TelegramNetworkError: HTTP Client says - ServerDisconnectedError: Server disconnected
2025-08-20 16:15:04,480 - WARNING - Sleep for 1.000000 seconds and try again... (tryings = 0, bot id = 8091639515)
2025-08-20 16:15:04,744 - INFO - Polling stopped for bot @awhfqwuihBot id=8091639515 - 'test bot'
2025-08-20 16:15:10,148 - INFO - Start polling
2025-08-20 16:15:10,190 - INFO - Run polling for bot @awhfqwuihBot id=8091639515 - 'test bot'
2025-08-20 16:15:14,513 - INFO - Update id=242038968 is handled. Duration 420 ms by bot id=8091639515
2025-08-20 16:15:15,776 - INFO - Update id=242038969 is handled. Duration 246 ms by bot id=8091639515
2025-08-20 16:15:17,969 - INFO - Update id=242038970 is handled. Duration 192 ms by bot id=8091639515
2025-08-20 16:15:20,013 - INFO - Update id=242038971 is handled. Duration 502 ms by bot id=8091639515
2025-08-20 16:15:23,909 - INFO - Update id=242038972 is handled. Duration 200 ms by bot id=8091639515
2025-08-20 16:15:25,041 - INFO - Update id=242038973 is handled. Duration 201 ms by bot id=8091639515
2025-08-20 16:15:28,318 - INFO - Update id=242038974 is handled. Duration 192 ms by bot id=8091639515
2025-08-20 16:15:29,743 - INFO - Update id=242038975 is handled. Duration 229 ms by bot id=8091639515
2025-08-20 16:15:31,489 - INFO - Update id=242038976 is handled. Duration 261 ms by bot id=8091639515
2025-08-20 16:15:35,360 - INFO - Update id=242038977 is not handled. Duration 2 ms by bot id=8091639515
2025-08-20 16:23:06,112 - INFO - Polling stopped
2025-08-20 16:23:06,137 - ERROR - Failed to fetch updates - TelegramNetworkError: HTTP Client says - ServerDisconnectedError: Server disconnected
2025-08-20 16:23:06,138 - WARNING - Sleep for 1.000000 seconds and try again... (tryings = 0, bot id = 8091639515)
2025-08-20 16:23:06,403 - INFO - Polling stopped for bot @awhfqwuihBot id=8091639515 - 'test bot'
2025-08-20 16:23:11,701 - INFO - Start polling
2025-08-20 16:23:11,804 - INFO - Run polling for bot @awhfqwuihBot id=8091639515 - 'test bot'
2025-08-20 16:23:19,590 - INFO - Update id=242038978 is handled. Duration 430 ms by bot id=8091639515
2025-08-20 16:23:20,713 - INFO - Update id=242038979 is handled. Duration 99 ms by bot id=8091639515
2025-08-20 16:23:27,733 - INFO - Update id=242038980 is handled. Duration 260 ms by bot id=8091639515
2025-08-20 16:23:29,113 - INFO - Update id=242038981 is handled. Duration 292 ms by bot id=8091639515
2025-08-20 16:23:33,401 - INFO - Update id=242038982 is handled. Duration 93 ms by bot id=8091639515
2025-08-20 16:23:38,847 - INFO - Update id=242038983 is not handled. Duration 2 ms by bot id=8091639515
2025-08-20 16:25:20,907 - INFO - Polling stopped
2025-08-20 16:25:20,909 - ERROR - Failed to fetch updates - TelegramNetworkError: HTTP Client says - ServerDisconnectedError: Server disconnected
2025-08-20 16:25:20,909 - WARNING - Sleep for 1.000000 seconds and try again... (tryings = 0, bot id = 8091639515)
2025-08-20 16:25:21,171 - INFO - Polling stopped for bot @awhfqwuihBot id=8091639515 - 'test bot'
2025-08-20 16:25:26,264 - INFO - Start polling
2025-08-20 16:25:26,378 - INFO - Run polling for bot @awhfqwuihBot id=8091639515 - 'test bot'
2025-08-20 16:25:30,669 - INFO - Update id=242038984 is handled. Duration 340 ms by bot id=8091639515
2025-08-20 16:25:31,590 - INFO - Update id=242038985 is handled. Duration 98 ms by bot id=8091639515
2025-08-20 16:25:35,989 - INFO - Update id=242038986 is handled. Duration 406 ms by bot id=8091639515
2025-08-20 16:25:37,155 - INFO - Update id=242038987 is handled. Duration 352 ms by bot id=8091639515
2025-08-20 16:25:41,014 - INFO - Update id=242038988 is handled. Duration 162 ms by bot id=8091639515
2025-08-20 16:25:45,110 - INFO - Update id=242038989 is not handled. Duration 3 ms by bot id=8091639515
2025-08-20 16:29:25,118 - INFO - Polling stopped
2025-08-20 16:29:25,138 - ERROR - Failed to fetch updates - TelegramNetworkError: HTTP Client says - ServerDisconnectedError: Server disconnected
2025-08-20 16:29:25,139 - WARNING - Sleep for 1.000000 seconds and try again... (tryings = 0, bot id = 8091639515)
2025-08-20 16:29:25,404 - INFO - Polling stopped for bot @awhfqwuihBot id=8091639515 - 'test bot'
2025-08-20 16:31:24,902 - INFO - Start polling
2025-08-20 16:31:25,011 - INFO - Run polling for bot @awhfqwuihBot id=8091639515 - 'test bot'
2025-08-20 16:31:31,047 - INFO - Update id=242038991 is handled. Duration 510 ms by bot id=8091639515
2025-08-20 16:31:33,422 - INFO - Update id=242038992 is handled. Duration 119 ms by bot id=8091639515
2025-08-20 16:31:45,515 - INFO - Update id=242038993 is handled. Duration 133 ms by bot id=8091639515
2025-08-20 16:31:46,979 - INFO - Update id=242038994 is handled. Duration 482 ms by bot id=8091639515
2025-08-20 16:31:50,824 - INFO - Update id=242038995 is handled. Duration 218 ms by bot id=8091639515
2025-08-20 16:32:00,047 - INFO - Update id=242038996 is not handled. Duration 3 ms by bot id=8091639515
2025-08-20 16:35:09,060 - INFO - Polling stopped
2025-08-20 16:35:09,112 - ERROR - Failed to fetch updates - TelegramNetworkError: HTTP Client says - ServerDisconnectedError: Server disconnected
2025-08-20 16:35:09,114 - WARNING - Sleep for 1.000000 seconds and try again... (tryings = 0, bot id = 8091639515)
2025-08-20 16:35:09,374 - INFO - Polling stopped for bot @awhfqwuihBot id=8091639515 - 'test bot'
2025-08-23 13:20:14,994 - INFO - Пользователю 1050315821 показана ссылка на политику персональных данных перед соглашением
2025-08-23 13:20:24,653 - INFO - Пользователь 1050315821 ответил 'согласен' на соглашение о политике использования персональных данных
2025-08-23 13:21:24,265 - INFO - Пользователю 1050315821 показана ссылка на политику персональных данных перед соглашением
2025-08-23 13:21:28,453 - INFO - Пользователь 1050315821 ответил 'не согласен' на соглашение о политике использования персональных данных
2025-08-23 13:39:56,831 - INFO - Пользователю 1050315821 показана ссылка на политику персональных данных перед соглашением
2025-08-23 13:40:06,706 - INFO - Пользователь 1050315821 ответил 'согласен' на соглашение о политике использования персональных данных
2025-09-01 19:37:29,563 - INFO - Пользователю 1050315821 показана ссылка на политику персональных данных перед соглашением
2025-09-01 19:37:33,372 - INFO - Пользователь 1050315821 ответил 'согласен' на соглашение о политике использования персональных данных
2025-09-01 19:39:50,376 - INFO - Пользователю 1050315821 показана ссылка на политику персональных данных перед соглашением
2025-09-01 19:39:52,725 - INFO - Пользователь 1050315821 ответил 'согласен' на соглашение о политике использования персональных данных
2025-09-01 19:46:29,555 - INFO - Пользователю 6891613721 показана ссылка на политику персональных данных перед соглашением
2025-09-01 19:46:56,896 - INFO - Пользователь 6891613721 ответил 'согласен' на соглашение о политике использования персональных данных
2025-09-01 19:50:38,615 - INFO - Пользователю 6891613721 показана ссылка на политику персональных данных перед соглашением
2025-09-01 19:50:54,798 - INFO - Пользователь 6891613721 ответил 'согласно' на соглашение о политике использования персональных данных
2025-09-01 19:51:09,446 - INFO - Пользователь 6891613721 ответил 'согласен' на соглашение о политике использования персональных данных
2025-09-04 21:01:26,146 - INFO - Пользователю 1050315821 показана ссылка на политику персональных данных перед соглашением
2025-09-04 21:01:29,709 - INFO - Пользователь 1050315821 ответил 'согласен' на соглашение о политике использования персональных данных
2025-09-04 21:02:09,667 - INFO - Пользователю 1050315821 показана ссылка на политику персональных данных перед соглашением
2025-09-04 21:02:11,721 - INFO - Пользователь 1050315821 ответил 'согласен' на соглашение о политике использования персональных данных
2025-09-17 12:08:21,741 - INFO - Пользователю 1050315821 показана ссылка на политику персональных данных перед соглашением
2025-09-17 12:08:27,971 - INFO - Пользователь 1050315821 ответил 'согласен' на соглашение о политике использования персональных данных
2025-09-17 12:11:04,755 - INFO - Пользователю 1050315821 показана ссылка на политику персональных данных перед соглашением
2025-09-17 12:11:19,299 - INFO - Пользователь 1050315821 ответил 'согласен' на соглашение о политике использования персональных данных
2025-09-17 12:18:54,226 - INFO - Пользователю 1050315821 показана ссылка на политику персональных данных перед соглашением
2025-09-17 12:18:58,289 - INFO - Пользователь 1050315821 ответил 'согласен' на соглашение о политике использования персональных данных
2025-09-17 12:20:24,412 - INFO - Пользователю 1050315821 показана ссылка на политику персональных данных перед соглашением
2025-09-17 12:20:28,202 - INFO - Пользователь 1050315821 ответил 'согласен' на соглашение о политике использования персональных данных
2025-09-17 12:35:35,942 - INFO - Пользователю 1050315821 показана ссылка на политику персональных данных перед соглашением
2025-09-17 12:35:39,628 - INFO - Пользователь 1050315821 ответил 'согласен' на соглашение о политике использования персональных данных
2025-09-17 12:36:55,306 - INFO - Пользователю 1050315821 показана ссылка на политику персональных данных перед соглашением
2025-09-17 12:36:58,378 - INFO - Пользователь 1050315821 ответил 'согласен' на соглашение о политике использования персональных данных
2025-09-17 12:44:51,195 - INFO - Пользователю 1050315821 показана ссылка на политику персональных данных перед соглашением
2025-09-17 12:45:01,032 - INFO - Пользователь 1050315821 ответил 'согласен' на соглашение о политике использования персональных данных
2025-09-17 12:49:05,817 - INFO - Пользователю 1050315821 показана ссылка на политику персональных данных перед соглашением
2025-09-17 12:49:12,231 - INFO - Пользователь 1050315821 ответил 'согласен' на соглашение о политике использования персональных данных
2025-09-17 12:50:23,810 - INFO - Пользователю 1050315821 показана ссылка на политику персональных данных перед соглашением
2025-09-17 12:50:26,884 - INFO - Пользователь 1050315821 ответил 'согласен' на соглашение о политике использования персональных данных
2025-09-17 13:23:07,367 - INFO - Пользователю 1050315821 показана ссылка на политику персональных данных перед соглашением
2025-09-17 13:23:11,523 - INFO - Пользователь 1050315821 ответил 'согласен' на соглашение о политике использования персональных данных
2025-09-17 14:02:48,932 - INFO - Пользователю 8490448672 показана ссылка на политику персональных данных перед соглашением
2025-09-17 14:02:51,188 - INFO - Пользователь 8490448672 ответил 'согласен' на соглашение о политике использования персональных данных
2025-09-18 13:15:43,268 - INFO - Пользователю 1050315821 показана ссылка на политику персональных данных перед соглашением
2025-09-18 13:15:47,771 - INFO - Пользователь 1050315821 ответил 'согласен' на соглашение о политике использования персональных данных
2025-09-18 13:18:47,904 - INFO - Пользователю 1050315821 показана ссылка на политику персональных данных перед соглашением
2025-09-18 13:18:51,284 - INFO - Пользователь 1050315821 ответил 'согласен' на соглашение о политике использования персональных данных
2025-09-18 13:30:12,781 - INFO - Пользователю 1050315821 показана ссылка на политику персональных данных перед соглашением
2025-09-18 13:30:15,339 - INFO - Пользователь 1050315821 ответил 'согласен' на соглашение о политике использования персональных данных
2025-09-18 13:32:39,151 - INFO - Пользователю 1050315821 показана ссылка на политику персональных данных перед соглашением
2025-09-18 13:32:40,990 - INFO - Пользователь 1050315821 ответил 'согласен' на соглашение о политике использования персональных данных
2025-09-18 13:34:00,052 - INFO - Пользователю 1050315821 показана ссылка на политику персональных данных перед соглашением
2025-09-18 13:34:02,916 - INFO - Пользователь 1050315821 ответил 'согласен' на соглашение о политике использования персональных данных
2025-09-18 13:41:31,186 - INFO - Пользователю 1050315821 показана ссылка на политику персональных данных перед соглашением
2025-09-18 13:41:34,023 - INFO - Пользователь 1050315821 ответил 'согласен' на соглашение о политике использования персональных данных
2025-09-18 13:46:39,428 - INFO - Пользователю 8490448672 показана ссылка на политику персональных данных перед соглашением
2025-09-18 13:46:42,440 - INFO - Пользователь 8490448672 ответил 'согласен' на соглашение о политике использования персональных данных
2025-09-18 13:48:29,507 - INFO - Пользователю 8490448672 показана ссылка на политику персональных данных перед соглашением
2025-09-18 13:48:32,444 - INFO - Пользователь 8490448672 ответил 'согласен' на соглашение о политике использования персональных данных
2025-09-18 14:19:28,371 - INFO - Пользователю 1050315821 показана ссылка на политику персональных данных перед соглашением
2025-09-18 14:19:30,526 - INFO - Пользователь 1050315821 ответил 'согласен' на соглашение о политике использования персональных данных
2025-09-18 14:30:37,298 - INFO - Пользователю 1050315821 показана ссылка на политику персональных данных перед соглашением
2025-09-18 14:30:38,841 - INFO - Пользователь 1050315821 ответил 'согласен' на соглашение о политике использования персональных данных
2025-09-18 14:31:06,937 - INFO - Пользователю 1050315821 показана ссылка на политику персональных данных перед соглашением
2025-09-18 14:31:09,142 - INFO - Пользователь 1050315821 ответил 'не согласен' на соглашение о политике использования персональных данных
2025-09-18 14:31:47,850 - INFO - Пользователю 1050315821 отправлено подтверждение согласия на платные услуги
2025-09-18 14:31:47,961 - INFO - Пользователю 1050315821 показана ссылка на политику персональных данных перед соглашением
2025-09-18 14:31:52,255 - INFO - Пользователь 1050315821 ответил 'согласен' на соглашение о политике использования персональных данных
2025-09-18 14:32:49,665 - INFO - Пользователю 1050315821 отправлено подтверждение согласия на платные услуги
2025-09-18 14:32:49,740 - INFO - Пользователю 1050315821 показана ссылка на политику персональных данных перед соглашением
2025-09-18 14:32:51,669 - INFO - Пользователь 1050315821 ответил 'не согласен' на соглашение о политике использования персональных данных
